Nonterminals useless in grammar

   program


Terminals unused in grammar

   TOKEN_OPERATOR
   TOKEN_OR
   TOKEN_UNDERSCORE
   TOKEN_SPECIFIER
   TOKEN_LIBRARY
   TOKEN_BRACKET
   TOKEN_CONTINUE
   TOKEN_LESS_EQUAL
   TOKEN_GREATER
   TOKEN_GREATER_EQUAL
   TOKEN_EQUAL
   TOKEN_LESS
   TOKEN_NOTEQUAL
   TOKEN_GOTO
   TOKEN_WHILE
   TOKEN_TYPE_OWN
   TOKEN_TYPE_INTEGER
   TOKEN_TYPE_REAL
   TOKEN_TYPE_BOOLEAN
   TOKEN_TYPE_ARRAY
   TOKEN_TYPE_SWITCH
   TOKEN_TYPE_PROCEDURE
   TOKEN_TYPE_STRING
   TOKEN_TYPE_VALUE
   TOKEN_LTRSTRING
   TOKEN_NOT_EQUAL
   TOKEN_RELOP


Rules useless in grammar

  137 program: block
  138        | compoundStatement


Grammar

    0 $accept: blockHead $end

    1 blockHead: TOKEN_BEGIN declaration
    2          | blockHead TOKEN_SEMICOLON declaration

    3 unlabelledBlock: blockHead TOKEN_SEMICOLON compoundTail

    4 block: unlabelledBlock

    5 @1: /* empty */

    6 block: label @1 block
    7      | error

    8 label: TOKEN_LABEL_IDENTIFIER

    9 unlabelledCompound: TOKEN_BEGIN compoundTail

   10 compoundStatement: unlabelledCompound

   11 compoundTail: statement TOKEN_END
   12             | statement TOKEN_SEMICOLON compoundTail

   13 declaration: typeDeclaration
   14            | arrayDeclaration
   15            | procedureDeclaration

   16 lowerBound: arithmeticExpression

   17 upperBound: arithmeticExpression

   18 boundPair: lowerBound TOKEN_COLON upperBound

   19 boundPairList: boundPair
   20              | boundPairList TOKEN_COMMA boundPair

   21 arrayIdentifier: identifier

   22 arraySegment: arrayIdentifier TOKEN_OPEN_SQUARE_BRACKET boundPairList TOKEN_CLOSE_SQUARE_BRACKET

   23 arrayList: arraySegment

   24 @2: /* empty */

   25 arrayList: arraySegment TOKEN_COMMA @2 arrayList

   26 arrayDeclaration: type TOKEN_ARRAY arrayList

   27 expression: arithmeticExpression
   28           | booleanExpression

   29 arithmeticExpression: simpleArithmeticExpression
   30                     | ifClause simpleArithmeticExpression TOKEN_ELSE arithmeticExpression

   31 simpleArithmeticExpression: term
   32                           | simpleArithmeticExpression TOKEN_PLUS term
   33                           | simpleArithmeticExpression TOKEN_MINUS term

   34 term: factor
   35     | term TOKEN_MULTIPLY factor
   36     | term TOKEN_DIVIDE factor

   37 factor: primary
   38       | factor TOKEN_POWER primary
   39       | procedureStatement

   40 primary: realNumber
   41        | integer
   42        | variable
   43        | TOKEN_OPEN_BRACKET arithmeticExpression TOKEN_CLOSE_BRACKET

   44 realNumber: TOKEN_REAL_NUM

   45 integer: TOKEN_INTEGER

   46 variable: identifier
   47         | subscriptedVariable

   48 subscriptedVariable: arrayIdentifier TOKEN_OPEN_SQUARE_BRACKET subscriptList TOKEN_CLOSE_SQUARE_BRACKET

   49 subscriptList: subscriptExpression
   50              | subscriptList TOKEN_COMMA subscriptExpression

   51 subscriptExpression: arithmeticExpression

   52 identifier: TOKEN_IDENTIFIER

   53 booleanExpression: simpleBoolean
   54                  | ifClause simpleBoolean TOKEN_ELSE booleanExpression

   55 simpleBoolean: implication
   56              | simpleBoolean TOKEN_EQUIV implication

   57 implication: booleanTerm
   58            | implication TOKEN_IMPLY booleanTerm

   59 booleanTerm: booleanFactor
   60            | booleanTerm TOKEN_OR_OP booleanFactor

   61 booleanFactor: booleanSecondary
   62              | booleanFactor TOKEN_AND_OP booleanSecondary

   63 booleanSecondary: booleanPrimary
   64                 | TOKEN_NOT_OP booleanPrimary

   65 booleanPrimary: logicalValue
   66               | boolVariable
   67               | relation
   68               | TOKEN_OPEN_BRACKET booleanExpression TOKEN_CLOSE_BRACKET

   69 logicalValue: TOKEN_LOGICAL_VALUE

   70 relation: simpleArithmeticExpression relationalOperator simpleArithmeticExpression

   71 boolVariable: boolSimpleVariable

   72 boolSimpleVariable: TOKEN_BOOL_IDENTIFIER

   73 relationalOperator: TOKEN_REL_OP

   74 listType: varIdentifier

   75 @3: /* empty */

   76 listType: varIdentifier TOKEN_COMMA @3 listType

   77 type: TOKEN_TREAL
   78     | TOKEN_TINTEGER
   79     | TOKEN_BOOLEAN

   80 typeDeclaration: type listType

   81 varIdentifier: identifier

   82 unconditionalStatement: basicStatement
   83                       | compoundStatement
   84                       | block

   85 conditionalStatement: ifStatement
   86                     | ifClause unconditionalStatement TOKEN_ELSE statement
   87                     | ifClause forStatement

   88 ifStatement: ifClause unconditionalStatement

   89 ifClause: TOKEN_IF booleanExpression TOKEN_THEN

   90 basicStatement: unlabelledBasicStatement

   91 unlabelledBasicStatement: assignmentStatement
   92                         | dummyStatement
   93                         | procedureStatement
   94                         | returnStatement

   95 dummyStatement: empty

   96 returnStatement: TOKEN_RETURN expression

   97 assignmentStatement: TOKEN_ASSIGN_IDENTIFIER arithmeticExpression
   98                    | TOKEN_ASSIGN_IDENTIFIER booleanExpression

   99 forStatement: TOKEN_FOR variable TOKEN_ASSIGN arithmeticExpression TOKEN_STEP arithmeticExpression TOKEN_UNTIL arithmeticExpression TOKEN_DO statement

  100 empty: /* empty */

  101 procedureStatement: procedureIdentifier actualParameterPart

  102 procedureIdentifier: identifier

  103 actualParameterPart: TOKEN_OPEN_BRACKET actualParameterList TOKEN_CLOSE_BRACKET

  104 actualParameterList: actualParameter
  105                    | actualParameterList parameterDelimiter actualParameter

  106 actualParameter: expression

  107 parameterDelimiter: TOKEN_COMMA

  108 statement: unconditionalStatement
  109          | conditionalStatement
  110          | forStatement
  111          | TOKEN_PRINT expression

  112 formalParameter: identifier

  113 formalParameterList: formalParameter

  114 $@4: /* empty */

  115 formalParameterList: formalParameter TOKEN_COMMA $@4 formalParameterList

  116 formalParameterPart: empty

  117 $@5: /* empty */

  118 formalParameterPart: TOKEN_OPEN_BRACKET $@5 formalParameterList TOKEN_CLOSE_BRACKET

  119 identifierList: identifier
  120               | identifierList TOKEN_COMMA identifier

  121 valuePart: empty
  122          | TOKEN_VALUE identifierList TOKEN_SEMICOLON

  123 specifier: type
  124          | type TOKEN_ARRAY
  125          | TOKEN_TYPE_LABEL
  126          | TOKEN_SWITCH
  127          | type TOKEN_PROCEDURE

  128 specificationPart: specifier identifierList TOKEN_SEMICOLON
  129                  | specificationPart specifier identifierList TOKEN_SEMICOLON

  130 @6: /* empty */

  131 $@7: /* empty */

  132 procedureHeading: procedureIdentifier @6 formalParameterPart TOKEN_SEMICOLON $@7 valuePart specificationPart

  133 @8: /* empty */

  134 procedureBody: TOKEN_BEGIN TOKEN_SEMICOLON statement @8 TOKEN_END

  135 procedureDeclaration: TOKEN_PROCEDURE procedureHeading procedureBody
  136                     | type TOKEN_PROCEDURE procedureHeading procedureBody


Terminals, with rules where they appear

$end (0) 0
error (256) 7
TOKEN_PRINT (258) 111
TOKEN_IDENTIFIER (259) 52
TOKEN_BEGIN (260) 1 9 134
TOKEN_END (261) 11 134
TOKEN_LOGICAL_VALUE (262) 69
TOKEN_OPERATOR (263)
TOKEN_OR (264)
TOKEN_PROCEDURE (265) 127 135 136
TOKEN_PLUS (266) 32
TOKEN_MINUS (267) 33
TOKEN_DIVIDE (268) 36
TOKEN_POWER (269) 38
TOKEN_MULTIPLY (270) 35
TOKEN_COMMA (271) 20 25 50 76 107 115 120
TOKEN_UNDERSCORE (272)
TOKEN_SPECIFIER (273)
TOKEN_LIBRARY (274)
TOKEN_BRACKET (275)
TOKEN_OPEN_BRACKET (276) 43 68 103 118
TOKEN_CLOSE_BRACKET (277) 43 68 103 118
TOKEN_OPEN_SQUARE_BRACKET (278) 22 48
TOKEN_CLOSE_SQUARE_BRACKET (279) 22 48
TOKEN_CONTINUE (280)
TOKEN_REAL_NUM (281) 44
TOKEN_INTEGER (282) 45
TOKEN_COLON (283) 18
TOKEN_REL_OP (284) 73
TOKEN_LESS_EQUAL (285)
TOKEN_GREATER (286)
TOKEN_GREATER_EQUAL (287)
TOKEN_EQUAL (288)
TOKEN_LESS (289)
TOKEN_NOTEQUAL (290)
TOKEN_EQUIV (291) 56
TOKEN_AND_OP (292) 62
TOKEN_OR_OP (293) 60
TOKEN_NOT_OP (294) 64
TOKEN_GOTO (295)
TOKEN_FOR (296) 99
TOKEN_DO (297) 99
TOKEN_WHILE (298)
TOKEN_STEP (299) 99
TOKEN_UNTIL (300) 99
TOKEN_IF (301) 89
TOKEN_THEN (302) 89
TOKEN_ELSE (303) 30 54 86
TOKEN_SWITCH (304) 126
TOKEN_VALUE (305) 122
TOKEN_BOOLEAN (306) 79
TOKEN_TYPE_OWN (307)
TOKEN_TYPE_INTEGER (308)
TOKEN_TYPE_REAL (309)
TOKEN_TYPE_BOOLEAN (310)
TOKEN_TYPE_ARRAY (311)
TOKEN_TYPE_SWITCH (312)
TOKEN_TYPE_PROCEDURE (313)
TOKEN_TYPE_STRING (314)
TOKEN_TYPE_LABEL (315) 125
TOKEN_TYPE_VALUE (316)
TOKEN_ARRAY (317) 26 124
TOKEN_IMPLY (318) 58
TOKEN_SEMICOLON (319) 2 3 12 122 128 129 132 134
TOKEN_LTRSTRING (320)
TOKEN_TINTEGER (321) 78
TOKEN_TREAL (322) 77
TOKEN_RETURN (323) 96
TOKEN_ASSIGN_IDENTIFIER (324) 97 98
TOKEN_LABEL_IDENTIFIER (325) 8
TOKEN_BOOL_IDENTIFIER (326) 72
TOKEN_ASSIGN (327) 99
TOKEN_NOT_EQUAL (328)
TOKEN_RELOP (329)


Nonterminals, with rules where they appear

$accept (75)
    on left: 0
blockHead (76)
    on left: 1 2, on right: 0 2 3
unlabelledBlock (77)
    on left: 3, on right: 4
block (78)
    on left: 4 6 7, on right: 6 84
@1 (79)
    on left: 5, on right: 6
label (80)
    on left: 8, on right: 6
unlabelledCompound (81)
    on left: 9, on right: 10
compoundStatement (82)
    on left: 10, on right: 83
compoundTail (83)
    on left: 11 12, on right: 3 9 12
declaration (84)
    on left: 13 14 15, on right: 1 2
lowerBound (85)
    on left: 16, on right: 18
upperBound (86)
    on left: 17, on right: 18
boundPair (87)
    on left: 18, on right: 19 20
boundPairList (88)
    on left: 19 20, on right: 20 22
arrayIdentifier (89)
    on left: 21, on right: 22 48
arraySegment (90)
    on left: 22, on right: 23 25
arrayList (91)
    on left: 23 25, on right: 25 26
@2 (92)
    on left: 24, on right: 25
arrayDeclaration (93)
    on left: 26, on right: 14
expression (94)
    on left: 27 28, on right: 96 106 111
arithmeticExpression (95)
    on left: 29 30, on right: 16 17 27 30 43 51 97 99
simpleArithmeticExpression (96)
    on left: 31 32 33, on right: 29 30 32 33 70
term (97)
    on left: 34 35 36, on right: 31 32 33 35 36
factor (98)
    on left: 37 38 39, on right: 34 35 36 38
primary (99)
    on left: 40 41 42 43, on right: 37 38
realNumber (100)
    on left: 44, on right: 40
integer (101)
    on left: 45, on right: 41
variable (102)
    on left: 46 47, on right: 42 99
subscriptedVariable (103)
    on left: 48, on right: 47
subscriptList (104)
    on left: 49 50, on right: 48 50
subscriptExpression (105)
    on left: 51, on right: 49 50
identifier (106)
    on left: 52, on right: 21 46 81 102 112 119 120
booleanExpression (107)
    on left: 53 54, on right: 28 54 68 89 98
simpleBoolean (108)
    on left: 55 56, on right: 53 54 56
implication (109)
    on left: 57 58, on right: 55 56 58
booleanTerm (110)
    on left: 59 60, on right: 57 58 60
booleanFactor (111)
    on left: 61 62, on right: 59 60 62
booleanSecondary (112)
    on left: 63 64, on right: 61 62
booleanPrimary (113)
    on left: 65 66 67 68, on right: 63 64
logicalValue (114)
    on left: 69, on right: 65
relation (115)
    on left: 70, on right: 67
boolVariable (116)
    on left: 71, on right: 66
boolSimpleVariable (117)
    on left: 72, on right: 71
relationalOperator (118)
    on left: 73, on right: 70
listType (119)
    on left: 74 76, on right: 76 80
@3 (120)
    on left: 75, on right: 76
type (121)
    on left: 77 78 79, on right: 26 80 123 124 127 136
typeDeclaration (122)
    on left: 80, on right: 13
varIdentifier (123)
    on left: 81, on right: 74 76
unconditionalStatement (124)
    on left: 82 83 84, on right: 86 88 108
conditionalStatement (125)
    on left: 85 86 87, on right: 109
ifStatement (126)
    on left: 88, on right: 85
ifClause (127)
    on left: 89, on right: 30 54 86 87 88
basicStatement (128)
    on left: 90, on right: 82
unlabelledBasicStatement (129)
    on left: 91 92 93 94, on right: 90
dummyStatement (130)
    on left: 95, on right: 92
returnStatement (131)
    on left: 96, on right: 94
assignmentStatement (132)
    on left: 97 98, on right: 91
forStatement (133)
    on left: 99, on right: 87 110
empty (134)
    on left: 100, on right: 95 116 121
procedureStatement (135)
    on left: 101, on right: 39 93
procedureIdentifier (136)
    on left: 102, on right: 101 132
actualParameterPart (137)
    on left: 103, on right: 101
actualParameterList (138)
    on left: 104 105, on right: 103 105
actualParameter (139)
    on left: 106, on right: 104 105
parameterDelimiter (140)
    on left: 107, on right: 105
statement (141)
    on left: 108 109 110 111, on right: 11 12 86 99 134
formalParameter (142)
    on left: 112, on right: 113 115
formalParameterList (143)
    on left: 113 115, on right: 115 118
$@4 (144)
    on left: 114, on right: 115
formalParameterPart (145)
    on left: 116 118, on right: 132
$@5 (146)
    on left: 117, on right: 118
identifierList (147)
    on left: 119 120, on right: 120 122 128 129
valuePart (148)
    on left: 121 122, on right: 132
specifier (149)
    on left: 123 124 125 126 127, on right: 128 129
specificationPart (150)
    on left: 128 129, on right: 129 132
procedureHeading (151)
    on left: 132, on right: 135 136
@6 (152)
    on left: 130, on right: 132
$@7 (153)
    on left: 131, on right: 132
procedureBody (154)
    on left: 134, on right: 135 136
@8 (155)
    on left: 133, on right: 134
procedureDeclaration (156)
    on left: 135 136, on right: 15


state 0

    0 $accept: . blockHead $end

    TOKEN_BEGIN  shift, and go to state 1

    blockHead  go to state 2


state 1

    1 blockHead: TOKEN_BEGIN . declaration

    TOKEN_PROCEDURE  shift, and go to state 3
    TOKEN_BOOLEAN    shift, and go to state 4
    TOKEN_TINTEGER   shift, and go to state 5
    TOKEN_TREAL      shift, and go to state 6

    declaration           go to state 7
    arrayDeclaration      go to state 8
    type                  go to state 9
    typeDeclaration       go to state 10
    procedureDeclaration  go to state 11


state 2

    0 $accept: blockHead . $end
    2 blockHead: blockHead . TOKEN_SEMICOLON declaration

    $end             shift, and go to state 12
    TOKEN_SEMICOLON  shift, and go to state 13


state 3

  135 procedureDeclaration: TOKEN_PROCEDURE . procedureHeading procedureBody

    TOKEN_IDENTIFIER  shift, and go to state 14

    identifier           go to state 15
    procedureIdentifier  go to state 16
    procedureHeading     go to state 17


state 4

   79 type: TOKEN_BOOLEAN .

    $default  reduce using rule 79 (type)


state 5

   78 type: TOKEN_TINTEGER .

    $default  reduce using rule 78 (type)


state 6

   77 type: TOKEN_TREAL .

    $default  reduce using rule 77 (type)


state 7

    1 blockHead: TOKEN_BEGIN declaration .

    $default  reduce using rule 1 (blockHead)


state 8

   14 declaration: arrayDeclaration .

    $default  reduce using rule 14 (declaration)


state 9

   26 arrayDeclaration: type . TOKEN_ARRAY arrayList
   80 typeDeclaration: type . listType
  136 procedureDeclaration: type . TOKEN_PROCEDURE procedureHeading procedureBody

    TOKEN_IDENTIFIER  shift, and go to state 14
    TOKEN_PROCEDURE   shift, and go to state 18
    TOKEN_ARRAY       shift, and go to state 19

    identifier     go to state 20
    listType       go to state 21
    varIdentifier  go to state 22


state 10

   13 declaration: typeDeclaration .

    $default  reduce using rule 13 (declaration)


state 11

   15 declaration: procedureDeclaration .

    $default  reduce using rule 15 (declaration)


state 12

    0 $accept: blockHead $end .

    $default  accept


state 13

    2 blockHead: blockHead TOKEN_SEMICOLON . declaration

    TOKEN_PROCEDURE  shift, and go to state 3
    TOKEN_BOOLEAN    shift, and go to state 4
    TOKEN_TINTEGER   shift, and go to state 5
    TOKEN_TREAL      shift, and go to state 6

    declaration           go to state 23
    arrayDeclaration      go to state 8
    type                  go to state 9
    typeDeclaration       go to state 10
    procedureDeclaration  go to state 11


state 14

   52 identifier: TOKEN_IDENTIFIER .

    $default  reduce using rule 52 (identifier)


state 15

  102 procedureIdentifier: identifier .

    $default  reduce using rule 102 (procedureIdentifier)


state 16

  132 procedureHeading: procedureIdentifier . @6 formalParameterPart TOKEN_SEMICOLON $@7 valuePart specificationPart

    $default  reduce using rule 130 (@6)

    @6  go to state 24


state 17

  135 procedureDeclaration: TOKEN_PROCEDURE procedureHeading . procedureBody

    TOKEN_BEGIN  shift, and go to state 25

    procedureBody  go to state 26


state 18

  136 procedureDeclaration: type TOKEN_PROCEDURE . procedureHeading procedureBody

    TOKEN_IDENTIFIER  shift, and go to state 14

    identifier           go to state 15
    procedureIdentifier  go to state 16
    procedureHeading     go to state 27


state 19

   26 arrayDeclaration: type TOKEN_ARRAY . arrayList

    TOKEN_IDENTIFIER  shift, and go to state 14

    arrayIdentifier  go to state 28
    arraySegment     go to state 29
    arrayList        go to state 30
    identifier       go to state 31


state 20

   81 varIdentifier: identifier .

    $default  reduce using rule 81 (varIdentifier)


state 21

   80 typeDeclaration: type listType .

    $default  reduce using rule 80 (typeDeclaration)


state 22

   74 listType: varIdentifier .
   76         | varIdentifier . TOKEN_COMMA @3 listType

    TOKEN_COMMA  shift, and go to state 32

    $default  reduce using rule 74 (listType)


state 23

    2 blockHead: blockHead TOKEN_SEMICOLON declaration .

    $default  reduce using rule 2 (blockHead)


state 24

  132 procedureHeading: procedureIdentifier @6 . formalParameterPart TOKEN_SEMICOLON $@7 valuePart specificationPart

    TOKEN_OPEN_BRACKET  shift, and go to state 33

    $default  reduce using rule 100 (empty)

    empty                go to state 34
    formalParameterPart  go to state 35


state 25

  134 procedureBody: TOKEN_BEGIN . TOKEN_SEMICOLON statement @8 TOKEN_END

    TOKEN_SEMICOLON  shift, and go to state 36


state 26

  135 procedureDeclaration: TOKEN_PROCEDURE procedureHeading procedureBody .

    $default  reduce using rule 135 (procedureDeclaration)


state 27

  136 procedureDeclaration: type TOKEN_PROCEDURE procedureHeading . procedureBody

    TOKEN_BEGIN  shift, and go to state 25

    procedureBody  go to state 37


state 28

   22 arraySegment: arrayIdentifier . TOKEN_OPEN_SQUARE_BRACKET boundPairList TOKEN_CLOSE_SQUARE_BRACKET

    TOKEN_OPEN_SQUARE_BRACKET  shift, and go to state 38


state 29

   23 arrayList: arraySegment .
   25          | arraySegment . TOKEN_COMMA @2 arrayList

    TOKEN_COMMA  shift, and go to state 39

    $default  reduce using rule 23 (arrayList)


state 30

   26 arrayDeclaration: type TOKEN_ARRAY arrayList .

    $default  reduce using rule 26 (arrayDeclaration)


state 31

   21 arrayIdentifier: identifier .

    $default  reduce using rule 21 (arrayIdentifier)


state 32

   76 listType: varIdentifier TOKEN_COMMA . @3 listType

    $default  reduce using rule 75 (@3)

    @3  go to state 40


state 33

  118 formalParameterPart: TOKEN_OPEN_BRACKET . $@5 formalParameterList TOKEN_CLOSE_BRACKET

    $default  reduce using rule 117 ($@5)

    $@5  go to state 41


state 34

  116 formalParameterPart: empty .

    $default  reduce using rule 116 (formalParameterPart)


state 35

  132 procedureHeading: procedureIdentifier @6 formalParameterPart . TOKEN_SEMICOLON $@7 valuePart specificationPart

    TOKEN_SEMICOLON  shift, and go to state 42


state 36

  134 procedureBody: TOKEN_BEGIN TOKEN_SEMICOLON . statement @8 TOKEN_END

    error                    shift, and go to state 43
    TOKEN_PRINT              shift, and go to state 44
    TOKEN_IDENTIFIER         shift, and go to state 14
    TOKEN_BEGIN              shift, and go to state 45
    TOKEN_FOR                shift, and go to state 46
    TOKEN_IF                 shift, and go to state 47
    TOKEN_RETURN             shift, and go to state 48
    TOKEN_ASSIGN_IDENTIFIER  shift, and go to state 49
    TOKEN_LABEL_IDENTIFIER   shift, and go to state 50

    TOKEN_END  reduce using rule 100 (empty)

    blockHead                 go to state 51
    unlabelledBlock           go to state 52
    block                     go to state 53
    label                     go to state 54
    unlabelledCompound        go to state 55
    compoundStatement         go to state 56
    identifier                go to state 15
    unconditionalStatement    go to state 57
    conditionalStatement      go to state 58
    ifStatement               go to state 59
    ifClause                  go to state 60
    basicStatement            go to state 61
    unlabelledBasicStatement  go to state 62
    dummyStatement            go to state 63
    returnStatement           go to state 64
    assignmentStatement       go to state 65
    forStatement              go to state 66
    empty                     go to state 67
    procedureStatement        go to state 68
    procedureIdentifier       go to state 69
    statement                 go to state 70


state 37

  136 procedureDeclaration: type TOKEN_PROCEDURE procedureHeading procedureBody .

    $default  reduce using rule 136 (procedureDeclaration)


state 38

   22 arraySegment: arrayIdentifier TOKEN_OPEN_SQUARE_BRACKET . boundPairList TOKEN_CLOSE_SQUARE_BRACKET

    TOKEN_IDENTIFIER    shift, and go to state 14
    TOKEN_OPEN_BRACKET  shift, and go to state 71
    TOKEN_REAL_NUM      shift, and go to state 72
    TOKEN_INTEGER       shift, and go to state 73
    TOKEN_IF            shift, and go to state 47

    lowerBound                  go to state 74
    boundPair                   go to state 75
    boundPairList               go to state 76
    arrayIdentifier             go to state 77
    arithmeticExpression        go to state 78
    simpleArithmeticExpression  go to state 79
    term                        go to state 80
    factor                      go to state 81
    primary                     go to state 82
    realNumber                  go to state 83
    integer                     go to state 84
    variable                    go to state 85
    subscriptedVariable         go to state 86
    identifier                  go to state 87
    ifClause                    go to state 88
    procedureStatement          go to state 89
    procedureIdentifier         go to state 69


state 39

   25 arrayList: arraySegment TOKEN_COMMA . @2 arrayList

    $default  reduce using rule 24 (@2)

    @2  go to state 90


state 40

   76 listType: varIdentifier TOKEN_COMMA @3 . listType

    TOKEN_IDENTIFIER  shift, and go to state 14

    identifier     go to state 20
    listType       go to state 91
    varIdentifier  go to state 22


state 41

  118 formalParameterPart: TOKEN_OPEN_BRACKET $@5 . formalParameterList TOKEN_CLOSE_BRACKET

    TOKEN_IDENTIFIER  shift, and go to state 14

    identifier           go to state 92
    formalParameter      go to state 93
    formalParameterList  go to state 94


state 42

  132 procedureHeading: procedureIdentifier @6 formalParameterPart TOKEN_SEMICOLON . $@7 valuePart specificationPart

    $default  reduce using rule 131 ($@7)

    $@7  go to state 95


state 43

    7 block: error .

    $default  reduce using rule 7 (block)


state 44

  111 statement: TOKEN_PRINT . expression

    TOKEN_IDENTIFIER       shift, and go to state 14
    TOKEN_LOGICAL_VALUE    shift, and go to state 96
    TOKEN_OPEN_BRACKET     shift, and go to state 97
    TOKEN_REAL_NUM         shift, and go to state 72
    TOKEN_INTEGER          shift, and go to state 73
    TOKEN_NOT_OP           shift, and go to state 98
    TOKEN_IF               shift, and go to state 47
    TOKEN_BOOL_IDENTIFIER  shift, and go to state 99

    arrayIdentifier             go to state 77
    expression                  go to state 100
    arithmeticExpression        go to state 101
    simpleArithmeticExpression  go to state 102
    term                        go to state 80
    factor                      go to state 81
    primary                     go to state 82
    realNumber                  go to state 83
    integer                     go to state 84
    variable                    go to state 85
    subscriptedVariable         go to state 86
    identifier                  go to state 87
    booleanExpression           go to state 103
    simpleBoolean               go to state 104
    implication                 go to state 105
    booleanTerm                 go to state 106
    booleanFactor               go to state 107
    booleanSecondary            go to state 108
    booleanPrimary              go to state 109
    logicalValue                go to state 110
    relation                    go to state 111
    boolVariable                go to state 112
    boolSimpleVariable          go to state 113
    ifClause                    go to state 114
    procedureStatement          go to state 89
    procedureIdentifier         go to state 69


state 45

    1 blockHead: TOKEN_BEGIN . declaration
    9 unlabelledCompound: TOKEN_BEGIN . compoundTail

    error                    shift, and go to state 43
    TOKEN_PRINT              shift, and go to state 44
    TOKEN_IDENTIFIER         shift, and go to state 14
    TOKEN_BEGIN              shift, and go to state 45
    TOKEN_PROCEDURE          shift, and go to state 3
    TOKEN_FOR                shift, and go to state 46
    TOKEN_IF                 shift, and go to state 47
    TOKEN_BOOLEAN            shift, and go to state 4
    TOKEN_TINTEGER           shift, and go to state 5
    TOKEN_TREAL              shift, and go to state 6
    TOKEN_RETURN             shift, and go to state 48
    TOKEN_ASSIGN_IDENTIFIER  shift, and go to state 49
    TOKEN_LABEL_IDENTIFIER   shift, and go to state 50

    TOKEN_END        reduce using rule 100 (empty)
    TOKEN_SEMICOLON  reduce using rule 100 (empty)

    blockHead                 go to state 51
    unlabelledBlock           go to state 52
    block                     go to state 53
    label                     go to state 54
    unlabelledCompound        go to state 55
    compoundStatement         go to state 56
    compoundTail              go to state 115
    declaration               go to state 7
    arrayDeclaration          go to state 8
    identifier                go to state 15
    type                      go to state 9
    typeDeclaration           go to state 10
    unconditionalStatement    go to state 57
    conditionalStatement      go to state 58
    ifStatement               go to state 59
    ifClause                  go to state 60
    basicStatement            go to state 61
    unlabelledBasicStatement  go to state 62
    dummyStatement            go to state 63
    returnStatement           go to state 64
    assignmentStatement       go to state 65
    forStatement              go to state 66
    empty                     go to state 67
    procedureStatement        go to state 68
    procedureIdentifier       go to state 69
    statement                 go to state 116
    procedureDeclaration      go to state 11


state 46

   99 forStatement: TOKEN_FOR . variable TOKEN_ASSIGN arithmeticExpression TOKEN_STEP arithmeticExpression TOKEN_UNTIL arithmeticExpression TOKEN_DO statement

    TOKEN_IDENTIFIER  shift, and go to state 14

    arrayIdentifier      go to state 77
    variable             go to state 117
    subscriptedVariable  go to state 86
    identifier           go to state 118


state 47

   89 ifClause: TOKEN_IF . booleanExpression TOKEN_THEN

    TOKEN_IDENTIFIER       shift, and go to state 14
    TOKEN_LOGICAL_VALUE    shift, and go to state 96
    TOKEN_OPEN_BRACKET     shift, and go to state 97
    TOKEN_REAL_NUM         shift, and go to state 72
    TOKEN_INTEGER          shift, and go to state 73
    TOKEN_NOT_OP           shift, and go to state 98
    TOKEN_IF               shift, and go to state 47
    TOKEN_BOOL_IDENTIFIER  shift, and go to state 99

    arrayIdentifier             go to state 77
    simpleArithmeticExpression  go to state 119
    term                        go to state 80
    factor                      go to state 81
    primary                     go to state 82
    realNumber                  go to state 83
    integer                     go to state 84
    variable                    go to state 85
    subscriptedVariable         go to state 86
    identifier                  go to state 87
    booleanExpression           go to state 120
    simpleBoolean               go to state 104
    implication                 go to state 105
    booleanTerm                 go to state 106
    booleanFactor               go to state 107
    booleanSecondary            go to state 108
    booleanPrimary              go to state 109
    logicalValue                go to state 110
    relation                    go to state 111
    boolVariable                go to state 112
    boolSimpleVariable          go to state 113
    ifClause                    go to state 121
    procedureStatement          go to state 89
    procedureIdentifier         go to state 69


state 48

   96 returnStatement: TOKEN_RETURN . expression

    TOKEN_IDENTIFIER       shift, and go to state 14
    TOKEN_LOGICAL_VALUE    shift, and go to state 96
    TOKEN_OPEN_BRACKET     shift, and go to state 97
    TOKEN_REAL_NUM         shift, and go to state 72
    TOKEN_INTEGER          shift, and go to state 73
    TOKEN_NOT_OP           shift, and go to state 98
    TOKEN_IF               shift, and go to state 47
    TOKEN_BOOL_IDENTIFIER  shift, and go to state 99

    arrayIdentifier             go to state 77
    expression                  go to state 122
    arithmeticExpression        go to state 101
    simpleArithmeticExpression  go to state 102
    term                        go to state 80
    factor                      go to state 81
    primary                     go to state 82
    realNumber                  go to state 83
    integer                     go to state 84
    variable                    go to state 85
    subscriptedVariable         go to state 86
    identifier                  go to state 87
    booleanExpression           go to state 103
    simpleBoolean               go to state 104
    implication                 go to state 105
    booleanTerm                 go to state 106
    booleanFactor               go to state 107
    booleanSecondary            go to state 108
    booleanPrimary              go to state 109
    logicalValue                go to state 110
    relation                    go to state 111
    boolVariable                go to state 112
    boolSimpleVariable          go to state 113
    ifClause                    go to state 114
    procedureStatement          go to state 89
    procedureIdentifier         go to state 69


state 49

   97 assignmentStatement: TOKEN_ASSIGN_IDENTIFIER . arithmeticExpression
   98                    | TOKEN_ASSIGN_IDENTIFIER . booleanExpression

    TOKEN_IDENTIFIER       shift, and go to state 14
    TOKEN_LOGICAL_VALUE    shift, and go to state 96
    TOKEN_OPEN_BRACKET     shift, and go to state 97
    TOKEN_REAL_NUM         shift, and go to state 72
    TOKEN_INTEGER          shift, and go to state 73
    TOKEN_NOT_OP           shift, and go to state 98
    TOKEN_IF               shift, and go to state 47
    TOKEN_BOOL_IDENTIFIER  shift, and go to state 99

    arrayIdentifier             go to state 77
    arithmeticExpression        go to state 123
    simpleArithmeticExpression  go to state 102
    term                        go to state 80
    factor                      go to state 81
    primary                     go to state 82
    realNumber                  go to state 83
    integer                     go to state 84
    variable                    go to state 85
    subscriptedVariable         go to state 86
    identifier                  go to state 87
    booleanExpression           go to state 124
    simpleBoolean               go to state 104
    implication                 go to state 105
    booleanTerm                 go to state 106
    booleanFactor               go to state 107
    booleanSecondary            go to state 108
    booleanPrimary              go to state 109
    logicalValue                go to state 110
    relation                    go to state 111
    boolVariable                go to state 112
    boolSimpleVariable          go to state 113
    ifClause                    go to state 114
    procedureStatement          go to state 89
    procedureIdentifier         go to state 69


state 50

    8 label: TOKEN_LABEL_IDENTIFIER .

    $default  reduce using rule 8 (label)


state 51

    2 blockHead: blockHead . TOKEN_SEMICOLON declaration
    3 unlabelledBlock: blockHead . TOKEN_SEMICOLON compoundTail

    TOKEN_SEMICOLON  shift, and go to state 125


state 52

    4 block: unlabelledBlock .

    $default  reduce using rule 4 (block)


state 53

   84 unconditionalStatement: block .

    $default  reduce using rule 84 (unconditionalStatement)


state 54

    6 block: label . @1 block

    $default  reduce using rule 5 (@1)

    @1  go to state 126


state 55

   10 compoundStatement: unlabelledCompound .

    $default  reduce using rule 10 (compoundStatement)


state 56

   83 unconditionalStatement: compoundStatement .

    $default  reduce using rule 83 (unconditionalStatement)


state 57

  108 statement: unconditionalStatement .

    $default  reduce using rule 108 (statement)


state 58

  109 statement: conditionalStatement .

    $default  reduce using rule 109 (statement)


state 59

   85 conditionalStatement: ifStatement .

    $default  reduce using rule 85 (conditionalStatement)


state 60

   86 conditionalStatement: ifClause . unconditionalStatement TOKEN_ELSE statement
   87                     | ifClause . forStatement
   88 ifStatement: ifClause . unconditionalStatement

    error                    shift, and go to state 43
    TOKEN_IDENTIFIER         shift, and go to state 14
    TOKEN_BEGIN              shift, and go to state 45
    TOKEN_FOR                shift, and go to state 46
    TOKEN_RETURN             shift, and go to state 48
    TOKEN_ASSIGN_IDENTIFIER  shift, and go to state 49
    TOKEN_LABEL_IDENTIFIER   shift, and go to state 50

    TOKEN_END        reduce using rule 100 (empty)
    TOKEN_ELSE       reduce using rule 100 (empty)
    TOKEN_SEMICOLON  reduce using rule 100 (empty)

    blockHead                 go to state 51
    unlabelledBlock           go to state 52
    block                     go to state 53
    label                     go to state 54
    unlabelledCompound        go to state 55
    compoundStatement         go to state 56
    identifier                go to state 15
    unconditionalStatement    go to state 127
    basicStatement            go to state 61
    unlabelledBasicStatement  go to state 62
    dummyStatement            go to state 63
    returnStatement           go to state 64
    assignmentStatement       go to state 65
    forStatement              go to state 128
    empty                     go to state 67
    procedureStatement        go to state 68
    procedureIdentifier       go to state 69


state 61

   82 unconditionalStatement: basicStatement .

    $default  reduce using rule 82 (unconditionalStatement)


state 62

   90 basicStatement: unlabelledBasicStatement .

    $default  reduce using rule 90 (basicStatement)


state 63

   92 unlabelledBasicStatement: dummyStatement .

    $default  reduce using rule 92 (unlabelledBasicStatement)


state 64

   94 unlabelledBasicStatement: returnStatement .

    $default  reduce using rule 94 (unlabelledBasicStatement)


state 65

   91 unlabelledBasicStatement: assignmentStatement .

    $default  reduce using rule 91 (unlabelledBasicStatement)


state 66

  110 statement: forStatement .

    $default  reduce using rule 110 (statement)


state 67

   95 dummyStatement: empty .

    $default  reduce using rule 95 (dummyStatement)


state 68

   93 unlabelledBasicStatement: procedureStatement .

    $default  reduce using rule 93 (unlabelledBasicStatement)


state 69

  101 procedureStatement: procedureIdentifier . actualParameterPart

    TOKEN_OPEN_BRACKET  shift, and go to state 129

    actualParameterPart  go to state 130


state 70

  134 procedureBody: TOKEN_BEGIN TOKEN_SEMICOLON statement . @8 TOKEN_END

    $default  reduce using rule 133 (@8)

    @8  go to state 131


state 71

   43 primary: TOKEN_OPEN_BRACKET . arithmeticExpression TOKEN_CLOSE_BRACKET

    TOKEN_IDENTIFIER    shift, and go to state 14
    TOKEN_OPEN_BRACKET  shift, and go to state 71
    TOKEN_REAL_NUM      shift, and go to state 72
    TOKEN_INTEGER       shift, and go to state 73
    TOKEN_IF            shift, and go to state 47

    arrayIdentifier             go to state 77
    arithmeticExpression        go to state 132
    simpleArithmeticExpression  go to state 79
    term                        go to state 80
    factor                      go to state 81
    primary                     go to state 82
    realNumber                  go to state 83
    integer                     go to state 84
    variable                    go to state 85
    subscriptedVariable         go to state 86
    identifier                  go to state 87
    ifClause                    go to state 88
    procedureStatement          go to state 89
    procedureIdentifier         go to state 69


state 72

   44 realNumber: TOKEN_REAL_NUM .

    $default  reduce using rule 44 (realNumber)


state 73

   45 integer: TOKEN_INTEGER .

    $default  reduce using rule 45 (integer)


state 74

   18 boundPair: lowerBound . TOKEN_COLON upperBound

    TOKEN_COLON  shift, and go to state 133


state 75

   19 boundPairList: boundPair .

    $default  reduce using rule 19 (boundPairList)


state 76

   20 boundPairList: boundPairList . TOKEN_COMMA boundPair
   22 arraySegment: arrayIdentifier TOKEN_OPEN_SQUARE_BRACKET boundPairList . TOKEN_CLOSE_SQUARE_BRACKET

    TOKEN_COMMA                 shift, and go to state 134
    TOKEN_CLOSE_SQUARE_BRACKET  shift, and go to state 135


state 77

   48 subscriptedVariable: arrayIdentifier . TOKEN_OPEN_SQUARE_BRACKET subscriptList TOKEN_CLOSE_SQUARE_BRACKET

    TOKEN_OPEN_SQUARE_BRACKET  shift, and go to state 136


state 78

   16 lowerBound: arithmeticExpression .

    $default  reduce using rule 16 (lowerBound)


state 79

   29 arithmeticExpression: simpleArithmeticExpression .
   32 simpleArithmeticExpression: simpleArithmeticExpression . TOKEN_PLUS term
   33                           | simpleArithmeticExpression . TOKEN_MINUS term

    TOKEN_PLUS   shift, and go to state 137
    TOKEN_MINUS  shift, and go to state 138

    $default  reduce using rule 29 (arithmeticExpression)


state 80

   31 simpleArithmeticExpression: term .
   35 term: term . TOKEN_MULTIPLY factor
   36     | term . TOKEN_DIVIDE factor

    TOKEN_DIVIDE    shift, and go to state 139
    TOKEN_MULTIPLY  shift, and go to state 140

    $default  reduce using rule 31 (simpleArithmeticExpression)


state 81

   34 term: factor .
   38 factor: factor . TOKEN_POWER primary

    TOKEN_POWER  shift, and go to state 141

    $default  reduce using rule 34 (term)


state 82

   37 factor: primary .

    $default  reduce using rule 37 (factor)


state 83

   40 primary: realNumber .

    $default  reduce using rule 40 (primary)


state 84

   41 primary: integer .

    $default  reduce using rule 41 (primary)


state 85

   42 primary: variable .

    $default  reduce using rule 42 (primary)


state 86

   47 variable: subscriptedVariable .

    $default  reduce using rule 47 (variable)


state 87

   21 arrayIdentifier: identifier .
   46 variable: identifier .
  102 procedureIdentifier: identifier .

    TOKEN_OPEN_BRACKET         reduce using rule 102 (procedureIdentifier)
    TOKEN_OPEN_SQUARE_BRACKET  reduce using rule 21 (arrayIdentifier)
    $default                   reduce using rule 46 (variable)


state 88

   30 arithmeticExpression: ifClause . simpleArithmeticExpression TOKEN_ELSE arithmeticExpression

    TOKEN_IDENTIFIER    shift, and go to state 14
    TOKEN_OPEN_BRACKET  shift, and go to state 71
    TOKEN_REAL_NUM      shift, and go to state 72
    TOKEN_INTEGER       shift, and go to state 73

    arrayIdentifier             go to state 77
    simpleArithmeticExpression  go to state 142
    term                        go to state 80
    factor                      go to state 81
    primary                     go to state 82
    realNumber                  go to state 83
    integer                     go to state 84
    variable                    go to state 85
    subscriptedVariable         go to state 86
    identifier                  go to state 87
    procedureStatement          go to state 89
    procedureIdentifier         go to state 69


state 89

   39 factor: procedureStatement .

    $default  reduce using rule 39 (factor)


state 90

   25 arrayList: arraySegment TOKEN_COMMA @2 . arrayList

    TOKEN_IDENTIFIER  shift, and go to state 14

    arrayIdentifier  go to state 28
    arraySegment     go to state 29
    arrayList        go to state 143
    identifier       go to state 31


state 91

   76 listType: varIdentifier TOKEN_COMMA @3 listType .

    $default  reduce using rule 76 (listType)


state 92

  112 formalParameter: identifier .

    $default  reduce using rule 112 (formalParameter)


state 93

  113 formalParameterList: formalParameter .
  115                    | formalParameter . TOKEN_COMMA $@4 formalParameterList

    TOKEN_COMMA  shift, and go to state 144

    $default  reduce using rule 113 (formalParameterList)


state 94

  118 formalParameterPart: TOKEN_OPEN_BRACKET $@5 formalParameterList . TOKEN_CLOSE_BRACKET

    TOKEN_CLOSE_BRACKET  shift, and go to state 145


state 95

  132 procedureHeading: procedureIdentifier @6 formalParameterPart TOKEN_SEMICOLON $@7 . valuePart specificationPart

    TOKEN_VALUE  shift, and go to state 146

    $default  reduce using rule 100 (empty)

    empty      go to state 147
    valuePart  go to state 148


state 96

   69 logicalValue: TOKEN_LOGICAL_VALUE .

    $default  reduce using rule 69 (logicalValue)


state 97

   43 primary: TOKEN_OPEN_BRACKET . arithmeticExpression TOKEN_CLOSE_BRACKET
   68 booleanPrimary: TOKEN_OPEN_BRACKET . booleanExpression TOKEN_CLOSE_BRACKET

    TOKEN_IDENTIFIER       shift, and go to state 14
    TOKEN_LOGICAL_VALUE    shift, and go to state 96
    TOKEN_OPEN_BRACKET     shift, and go to state 97
    TOKEN_REAL_NUM         shift, and go to state 72
    TOKEN_INTEGER          shift, and go to state 73
    TOKEN_NOT_OP           shift, and go to state 98
    TOKEN_IF               shift, and go to state 47
    TOKEN_BOOL_IDENTIFIER  shift, and go to state 99

    arrayIdentifier             go to state 77
    arithmeticExpression        go to state 132
    simpleArithmeticExpression  go to state 102
    term                        go to state 80
    factor                      go to state 81
    primary                     go to state 82
    realNumber                  go to state 83
    integer                     go to state 84
    variable                    go to state 85
    subscriptedVariable         go to state 86
    identifier                  go to state 87
    booleanExpression           go to state 149
    simpleBoolean               go to state 104
    implication                 go to state 105
    booleanTerm                 go to state 106
    booleanFactor               go to state 107
    booleanSecondary            go to state 108
    booleanPrimary              go to state 109
    logicalValue                go to state 110
    relation                    go to state 111
    boolVariable                go to state 112
    boolSimpleVariable          go to state 113
    ifClause                    go to state 114
    procedureStatement          go to state 89
    procedureIdentifier         go to state 69


state 98

   64 booleanSecondary: TOKEN_NOT_OP . booleanPrimary

    TOKEN_IDENTIFIER       shift, and go to state 14
    TOKEN_LOGICAL_VALUE    shift, and go to state 96
    TOKEN_OPEN_BRACKET     shift, and go to state 97
    TOKEN_REAL_NUM         shift, and go to state 72
    TOKEN_INTEGER          shift, and go to state 73
    TOKEN_BOOL_IDENTIFIER  shift, and go to state 99

    arrayIdentifier             go to state 77
    simpleArithmeticExpression  go to state 119
    term                        go to state 80
    factor                      go to state 81
    primary                     go to state 82
    realNumber                  go to state 83
    integer                     go to state 84
    variable                    go to state 85
    subscriptedVariable         go to state 86
    identifier                  go to state 87
    booleanPrimary              go to state 150
    logicalValue                go to state 110
    relation                    go to state 111
    boolVariable                go to state 112
    boolSimpleVariable          go to state 113
    procedureStatement          go to state 89
    procedureIdentifier         go to state 69


state 99

   72 boolSimpleVariable: TOKEN_BOOL_IDENTIFIER .

    $default  reduce using rule 72 (boolSimpleVariable)


state 100

  111 statement: TOKEN_PRINT expression .

    $default  reduce using rule 111 (statement)


state 101

   27 expression: arithmeticExpression .

    $default  reduce using rule 27 (expression)


state 102

   29 arithmeticExpression: simpleArithmeticExpression .
   32 simpleArithmeticExpression: simpleArithmeticExpression . TOKEN_PLUS term
   33                           | simpleArithmeticExpression . TOKEN_MINUS term
   70 relation: simpleArithmeticExpression . relationalOperator simpleArithmeticExpression

    TOKEN_PLUS    shift, and go to state 137
    TOKEN_MINUS   shift, and go to state 138
    TOKEN_REL_OP  shift, and go to state 151

    $default  reduce using rule 29 (arithmeticExpression)

    relationalOperator  go to state 152


state 103

   28 expression: booleanExpression .

    $default  reduce using rule 28 (expression)


state 104

   53 booleanExpression: simpleBoolean .
   56 simpleBoolean: simpleBoolean . TOKEN_EQUIV implication

    TOKEN_EQUIV  shift, and go to state 153

    $default  reduce using rule 53 (booleanExpression)


state 105

   55 simpleBoolean: implication .
   58 implication: implication . TOKEN_IMPLY booleanTerm

    TOKEN_IMPLY  shift, and go to state 154

    $default  reduce using rule 55 (simpleBoolean)


state 106

   57 implication: booleanTerm .
   60 booleanTerm: booleanTerm . TOKEN_OR_OP booleanFactor

    TOKEN_OR_OP  shift, and go to state 155

    $default  reduce using rule 57 (implication)


state 107

   59 booleanTerm: booleanFactor .
   62 booleanFactor: booleanFactor . TOKEN_AND_OP booleanSecondary

    TOKEN_AND_OP  shift, and go to state 156

    $default  reduce using rule 59 (booleanTerm)


state 108

   61 booleanFactor: booleanSecondary .

    $default  reduce using rule 61 (booleanFactor)


state 109

   63 booleanSecondary: booleanPrimary .

    $default  reduce using rule 63 (booleanSecondary)


state 110

   65 booleanPrimary: logicalValue .

    $default  reduce using rule 65 (booleanPrimary)


state 111

   67 booleanPrimary: relation .

    $default  reduce using rule 67 (booleanPrimary)


state 112

   66 booleanPrimary: boolVariable .

    $default  reduce using rule 66 (booleanPrimary)


state 113

   71 boolVariable: boolSimpleVariable .

    $default  reduce using rule 71 (boolVariable)


state 114

   30 arithmeticExpression: ifClause . simpleArithmeticExpression TOKEN_ELSE arithmeticExpression
   54 booleanExpression: ifClause . simpleBoolean TOKEN_ELSE booleanExpression

    TOKEN_IDENTIFIER       shift, and go to state 14
    TOKEN_LOGICAL_VALUE    shift, and go to state 96
    TOKEN_OPEN_BRACKET     shift, and go to state 97
    TOKEN_REAL_NUM         shift, and go to state 72
    TOKEN_INTEGER          shift, and go to state 73
    TOKEN_NOT_OP           shift, and go to state 98
    TOKEN_BOOL_IDENTIFIER  shift, and go to state 99

    arrayIdentifier             go to state 77
    simpleArithmeticExpression  go to state 157
    term                        go to state 80
    factor                      go to state 81
    primary                     go to state 82
    realNumber                  go to state 83
    integer                     go to state 84
    variable                    go to state 85
    subscriptedVariable         go to state 86
    identifier                  go to state 87
    simpleBoolean               go to state 158
    implication                 go to state 105
    booleanTerm                 go to state 106
    booleanFactor               go to state 107
    booleanSecondary            go to state 108
    booleanPrimary              go to state 109
    logicalValue                go to state 110
    relation                    go to state 111
    boolVariable                go to state 112
    boolSimpleVariable          go to state 113
    procedureStatement          go to state 89
    procedureIdentifier         go to state 69


state 115

    9 unlabelledCompound: TOKEN_BEGIN compoundTail .

    $default  reduce using rule 9 (unlabelledCompound)


state 116

   11 compoundTail: statement . TOKEN_END
   12             | statement . TOKEN_SEMICOLON compoundTail

    TOKEN_END        shift, and go to state 159
    TOKEN_SEMICOLON  shift, and go to state 160


state 117

   99 forStatement: TOKEN_FOR variable . TOKEN_ASSIGN arithmeticExpression TOKEN_STEP arithmeticExpression TOKEN_UNTIL arithmeticExpression TOKEN_DO statement

    TOKEN_ASSIGN  shift, and go to state 161


state 118

   21 arrayIdentifier: identifier .
   46 variable: identifier .

    TOKEN_OPEN_SQUARE_BRACKET  reduce using rule 21 (arrayIdentifier)
    $default                   reduce using rule 46 (variable)


state 119

   32 simpleArithmeticExpression: simpleArithmeticExpression . TOKEN_PLUS term
   33                           | simpleArithmeticExpression . TOKEN_MINUS term
   70 relation: simpleArithmeticExpression . relationalOperator simpleArithmeticExpression

    TOKEN_PLUS    shift, and go to state 137
    TOKEN_MINUS   shift, and go to state 138
    TOKEN_REL_OP  shift, and go to state 151

    relationalOperator  go to state 152


state 120

   89 ifClause: TOKEN_IF booleanExpression . TOKEN_THEN

    TOKEN_THEN  shift, and go to state 162


state 121

   54 booleanExpression: ifClause . simpleBoolean TOKEN_ELSE booleanExpression

    TOKEN_IDENTIFIER       shift, and go to state 14
    TOKEN_LOGICAL_VALUE    shift, and go to state 96
    TOKEN_OPEN_BRACKET     shift, and go to state 97
    TOKEN_REAL_NUM         shift, and go to state 72
    TOKEN_INTEGER          shift, and go to state 73
    TOKEN_NOT_OP           shift, and go to state 98
    TOKEN_BOOL_IDENTIFIER  shift, and go to state 99

    arrayIdentifier             go to state 77
    simpleArithmeticExpression  go to state 119
    term                        go to state 80
    factor                      go to state 81
    primary                     go to state 82
    realNumber                  go to state 83
    integer                     go to state 84
    variable                    go to state 85
    subscriptedVariable         go to state 86
    identifier                  go to state 87
    simpleBoolean               go to state 158
    implication                 go to state 105
    booleanTerm                 go to state 106
    booleanFactor               go to state 107
    booleanSecondary            go to state 108
    booleanPrimary              go to state 109
    logicalValue                go to state 110
    relation                    go to state 111
    boolVariable                go to state 112
    boolSimpleVariable          go to state 113
    procedureStatement          go to state 89
    procedureIdentifier         go to state 69


state 122

   96 returnStatement: TOKEN_RETURN expression .

    $default  reduce using rule 96 (returnStatement)


state 123

   97 assignmentStatement: TOKEN_ASSIGN_IDENTIFIER arithmeticExpression .

    $default  reduce using rule 97 (assignmentStatement)


state 124

   98 assignmentStatement: TOKEN_ASSIGN_IDENTIFIER booleanExpression .

    $default  reduce using rule 98 (assignmentStatement)


state 125

    2 blockHead: blockHead TOKEN_SEMICOLON . declaration
    3 unlabelledBlock: blockHead TOKEN_SEMICOLON . compoundTail

    error                    shift, and go to state 43
    TOKEN_PRINT              shift, and go to state 44
    TOKEN_IDENTIFIER         shift, and go to state 14
    TOKEN_BEGIN              shift, and go to state 45
    TOKEN_PROCEDURE          shift, and go to state 3
    TOKEN_FOR                shift, and go to state 46
    TOKEN_IF                 shift, and go to state 47
    TOKEN_BOOLEAN            shift, and go to state 4
    TOKEN_TINTEGER           shift, and go to state 5
    TOKEN_TREAL              shift, and go to state 6
    TOKEN_RETURN             shift, and go to state 48
    TOKEN_ASSIGN_IDENTIFIER  shift, and go to state 49
    TOKEN_LABEL_IDENTIFIER   shift, and go to state 50

    TOKEN_END        reduce using rule 100 (empty)
    TOKEN_SEMICOLON  reduce using rule 100 (empty)

    blockHead                 go to state 51
    unlabelledBlock           go to state 52
    block                     go to state 53
    label                     go to state 54
    unlabelledCompound        go to state 55
    compoundStatement         go to state 56
    compoundTail              go to state 163
    declaration               go to state 23
    arrayDeclaration          go to state 8
    identifier                go to state 15
    type                      go to state 9
    typeDeclaration           go to state 10
    unconditionalStatement    go to state 57
    conditionalStatement      go to state 58
    ifStatement               go to state 59
    ifClause                  go to state 60
    basicStatement            go to state 61
    unlabelledBasicStatement  go to state 62
    dummyStatement            go to state 63
    returnStatement           go to state 64
    assignmentStatement       go to state 65
    forStatement              go to state 66
    empty                     go to state 67
    procedureStatement        go to state 68
    procedureIdentifier       go to state 69
    statement                 go to state 116
    procedureDeclaration      go to state 11


state 126

    6 block: label @1 . block

    error                   shift, and go to state 43
    TOKEN_BEGIN             shift, and go to state 1
    TOKEN_LABEL_IDENTIFIER  shift, and go to state 50

    blockHead        go to state 51
    unlabelledBlock  go to state 52
    block            go to state 164
    label            go to state 54


state 127

   86 conditionalStatement: ifClause unconditionalStatement . TOKEN_ELSE statement
   88 ifStatement: ifClause unconditionalStatement .

    TOKEN_ELSE  shift, and go to state 165

    $default  reduce using rule 88 (ifStatement)


state 128

   87 conditionalStatement: ifClause forStatement .

    $default  reduce using rule 87 (conditionalStatement)


state 129

  103 actualParameterPart: TOKEN_OPEN_BRACKET . actualParameterList TOKEN_CLOSE_BRACKET

    TOKEN_IDENTIFIER       shift, and go to state 14
    TOKEN_LOGICAL_VALUE    shift, and go to state 96
    TOKEN_OPEN_BRACKET     shift, and go to state 97
    TOKEN_REAL_NUM         shift, and go to state 72
    TOKEN_INTEGER          shift, and go to state 73
    TOKEN_NOT_OP           shift, and go to state 98
    TOKEN_IF               shift, and go to state 47
    TOKEN_BOOL_IDENTIFIER  shift, and go to state 99

    arrayIdentifier             go to state 77
    expression                  go to state 166
    arithmeticExpression        go to state 101
    simpleArithmeticExpression  go to state 102
    term                        go to state 80
    factor                      go to state 81
    primary                     go to state 82
    realNumber                  go to state 83
    integer                     go to state 84
    variable                    go to state 85
    subscriptedVariable         go to state 86
    identifier                  go to state 87
    booleanExpression           go to state 103
    simpleBoolean               go to state 104
    implication                 go to state 105
    booleanTerm                 go to state 106
    booleanFactor               go to state 107
    booleanSecondary            go to state 108
    booleanPrimary              go to state 109
    logicalValue                go to state 110
    relation                    go to state 111
    boolVariable                go to state 112
    boolSimpleVariable          go to state 113
    ifClause                    go to state 114
    procedureStatement          go to state 89
    procedureIdentifier         go to state 69
    actualParameterList         go to state 167
    actualParameter             go to state 168


state 130

  101 procedureStatement: procedureIdentifier actualParameterPart .

    $default  reduce using rule 101 (procedureStatement)


state 131

  134 procedureBody: TOKEN_BEGIN TOKEN_SEMICOLON statement @8 . TOKEN_END

    TOKEN_END  shift, and go to state 169


state 132

   43 primary: TOKEN_OPEN_BRACKET arithmeticExpression . TOKEN_CLOSE_BRACKET

    TOKEN_CLOSE_BRACKET  shift, and go to state 170


state 133

   18 boundPair: lowerBound TOKEN_COLON . upperBound

    TOKEN_IDENTIFIER    shift, and go to state 14
    TOKEN_OPEN_BRACKET  shift, and go to state 71
    TOKEN_REAL_NUM      shift, and go to state 72
    TOKEN_INTEGER       shift, and go to state 73
    TOKEN_IF            shift, and go to state 47

    upperBound                  go to state 171
    arrayIdentifier             go to state 77
    arithmeticExpression        go to state 172
    simpleArithmeticExpression  go to state 79
    term                        go to state 80
    factor                      go to state 81
    primary                     go to state 82
    realNumber                  go to state 83
    integer                     go to state 84
    variable                    go to state 85
    subscriptedVariable         go to state 86
    identifier                  go to state 87
    ifClause                    go to state 88
    procedureStatement          go to state 89
    procedureIdentifier         go to state 69


state 134

   20 boundPairList: boundPairList TOKEN_COMMA . boundPair

    TOKEN_IDENTIFIER    shift, and go to state 14
    TOKEN_OPEN_BRACKET  shift, and go to state 71
    TOKEN_REAL_NUM      shift, and go to state 72
    TOKEN_INTEGER       shift, and go to state 73
    TOKEN_IF            shift, and go to state 47

    lowerBound                  go to state 74
    boundPair                   go to state 173
    arrayIdentifier             go to state 77
    arithmeticExpression        go to state 78
    simpleArithmeticExpression  go to state 79
    term                        go to state 80
    factor                      go to state 81
    primary                     go to state 82
    realNumber                  go to state 83
    integer                     go to state 84
    variable                    go to state 85
    subscriptedVariable         go to state 86
    identifier                  go to state 87
    ifClause                    go to state 88
    procedureStatement          go to state 89
    procedureIdentifier         go to state 69


state 135

   22 arraySegment: arrayIdentifier TOKEN_OPEN_SQUARE_BRACKET boundPairList TOKEN_CLOSE_SQUARE_BRACKET .

    $default  reduce using rule 22 (arraySegment)


state 136

   48 subscriptedVariable: arrayIdentifier TOKEN_OPEN_SQUARE_BRACKET . subscriptList TOKEN_CLOSE_SQUARE_BRACKET

    TOKEN_IDENTIFIER    shift, and go to state 14
    TOKEN_OPEN_BRACKET  shift, and go to state 71
    TOKEN_REAL_NUM      shift, and go to state 72
    TOKEN_INTEGER       shift, and go to state 73
    TOKEN_IF            shift, and go to state 47

    arrayIdentifier             go to state 77
    arithmeticExpression        go to state 174
    simpleArithmeticExpression  go to state 79
    term                        go to state 80
    factor                      go to state 81
    primary                     go to state 82
    realNumber                  go to state 83
    integer                     go to state 84
    variable                    go to state 85
    subscriptedVariable         go to state 86
    subscriptList               go to state 175
    subscriptExpression         go to state 176
    identifier                  go to state 87
    ifClause                    go to state 88
    procedureStatement          go to state 89
    procedureIdentifier         go to state 69


state 137

   32 simpleArithmeticExpression: simpleArithmeticExpression TOKEN_PLUS . term

    TOKEN_IDENTIFIER    shift, and go to state 14
    TOKEN_OPEN_BRACKET  shift, and go to state 71
    TOKEN_REAL_NUM      shift, and go to state 72
    TOKEN_INTEGER       shift, and go to state 73

    arrayIdentifier      go to state 77
    term                 go to state 177
    factor               go to state 81
    primary              go to state 82
    realNumber           go to state 83
    integer              go to state 84
    variable             go to state 85
    subscriptedVariable  go to state 86
    identifier           go to state 87
    procedureStatement   go to state 89
    procedureIdentifier  go to state 69


state 138

   33 simpleArithmeticExpression: simpleArithmeticExpression TOKEN_MINUS . term

    TOKEN_IDENTIFIER    shift, and go to state 14
    TOKEN_OPEN_BRACKET  shift, and go to state 71
    TOKEN_REAL_NUM      shift, and go to state 72
    TOKEN_INTEGER       shift, and go to state 73

    arrayIdentifier      go to state 77
    term                 go to state 178
    factor               go to state 81
    primary              go to state 82
    realNumber           go to state 83
    integer              go to state 84
    variable             go to state 85
    subscriptedVariable  go to state 86
    identifier           go to state 87
    procedureStatement   go to state 89
    procedureIdentifier  go to state 69


state 139

   36 term: term TOKEN_DIVIDE . factor

    TOKEN_IDENTIFIER    shift, and go to state 14
    TOKEN_OPEN_BRACKET  shift, and go to state 71
    TOKEN_REAL_NUM      shift, and go to state 72
    TOKEN_INTEGER       shift, and go to state 73

    arrayIdentifier      go to state 77
    factor               go to state 179
    primary              go to state 82
    realNumber           go to state 83
    integer              go to state 84
    variable             go to state 85
    subscriptedVariable  go to state 86
    identifier           go to state 87
    procedureStatement   go to state 89
    procedureIdentifier  go to state 69


state 140

   35 term: term TOKEN_MULTIPLY . factor

    TOKEN_IDENTIFIER    shift, and go to state 14
    TOKEN_OPEN_BRACKET  shift, and go to state 71
    TOKEN_REAL_NUM      shift, and go to state 72
    TOKEN_INTEGER       shift, and go to state 73

    arrayIdentifier      go to state 77
    factor               go to state 180
    primary              go to state 82
    realNumber           go to state 83
    integer              go to state 84
    variable             go to state 85
    subscriptedVariable  go to state 86
    identifier           go to state 87
    procedureStatement   go to state 89
    procedureIdentifier  go to state 69


state 141

   38 factor: factor TOKEN_POWER . primary

    TOKEN_IDENTIFIER    shift, and go to state 14
    TOKEN_OPEN_BRACKET  shift, and go to state 71
    TOKEN_REAL_NUM      shift, and go to state 72
    TOKEN_INTEGER       shift, and go to state 73

    arrayIdentifier      go to state 77
    primary              go to state 181
    realNumber           go to state 83
    integer              go to state 84
    variable             go to state 85
    subscriptedVariable  go to state 86
    identifier           go to state 118


state 142

   30 arithmeticExpression: ifClause simpleArithmeticExpression . TOKEN_ELSE arithmeticExpression
   32 simpleArithmeticExpression: simpleArithmeticExpression . TOKEN_PLUS term
   33                           | simpleArithmeticExpression . TOKEN_MINUS term

    TOKEN_PLUS   shift, and go to state 137
    TOKEN_MINUS  shift, and go to state 138
    TOKEN_ELSE   shift, and go to state 182


state 143

   25 arrayList: arraySegment TOKEN_COMMA @2 arrayList .

    $default  reduce using rule 25 (arrayList)


state 144

  115 formalParameterList: formalParameter TOKEN_COMMA . $@4 formalParameterList

    $default  reduce using rule 114 ($@4)

    $@4  go to state 183


state 145

  118 formalParameterPart: TOKEN_OPEN_BRACKET $@5 formalParameterList TOKEN_CLOSE_BRACKET .

    $default  reduce using rule 118 (formalParameterPart)


state 146

  122 valuePart: TOKEN_VALUE . identifierList TOKEN_SEMICOLON

    TOKEN_IDENTIFIER  shift, and go to state 14

    identifier      go to state 184
    identifierList  go to state 185


state 147

  121 valuePart: empty .

    $default  reduce using rule 121 (valuePart)


state 148

  132 procedureHeading: procedureIdentifier @6 formalParameterPart TOKEN_SEMICOLON $@7 valuePart . specificationPart

    TOKEN_SWITCH      shift, and go to state 186
    TOKEN_BOOLEAN     shift, and go to state 4
    TOKEN_TYPE_LABEL  shift, and go to state 187
    TOKEN_TINTEGER    shift, and go to state 5
    TOKEN_TREAL       shift, and go to state 6

    type               go to state 188
    specifier          go to state 189
    specificationPart  go to state 190


state 149

   68 booleanPrimary: TOKEN_OPEN_BRACKET booleanExpression . TOKEN_CLOSE_BRACKET

    TOKEN_CLOSE_BRACKET  shift, and go to state 191


state 150

   64 booleanSecondary: TOKEN_NOT_OP booleanPrimary .

    $default  reduce using rule 64 (booleanSecondary)


state 151

   73 relationalOperator: TOKEN_REL_OP .

    $default  reduce using rule 73 (relationalOperator)


state 152

   70 relation: simpleArithmeticExpression relationalOperator . simpleArithmeticExpression

    TOKEN_IDENTIFIER    shift, and go to state 14
    TOKEN_OPEN_BRACKET  shift, and go to state 71
    TOKEN_REAL_NUM      shift, and go to state 72
    TOKEN_INTEGER       shift, and go to state 73

    arrayIdentifier             go to state 77
    simpleArithmeticExpression  go to state 192
    term                        go to state 80
    factor                      go to state 81
    primary                     go to state 82
    realNumber                  go to state 83
    integer                     go to state 84
    variable                    go to state 85
    subscriptedVariable         go to state 86
    identifier                  go to state 87
    procedureStatement          go to state 89
    procedureIdentifier         go to state 69


state 153

   56 simpleBoolean: simpleBoolean TOKEN_EQUIV . implication

    TOKEN_IDENTIFIER       shift, and go to state 14
    TOKEN_LOGICAL_VALUE    shift, and go to state 96
    TOKEN_OPEN_BRACKET     shift, and go to state 97
    TOKEN_REAL_NUM         shift, and go to state 72
    TOKEN_INTEGER          shift, and go to state 73
    TOKEN_NOT_OP           shift, and go to state 98
    TOKEN_BOOL_IDENTIFIER  shift, and go to state 99

    arrayIdentifier             go to state 77
    simpleArithmeticExpression  go to state 119
    term                        go to state 80
    factor                      go to state 81
    primary                     go to state 82
    realNumber                  go to state 83
    integer                     go to state 84
    variable                    go to state 85
    subscriptedVariable         go to state 86
    identifier                  go to state 87
    implication                 go to state 193
    booleanTerm                 go to state 106
    booleanFactor               go to state 107
    booleanSecondary            go to state 108
    booleanPrimary              go to state 109
    logicalValue                go to state 110
    relation                    go to state 111
    boolVariable                go to state 112
    boolSimpleVariable          go to state 113
    procedureStatement          go to state 89
    procedureIdentifier         go to state 69


state 154

   58 implication: implication TOKEN_IMPLY . booleanTerm

    TOKEN_IDENTIFIER       shift, and go to state 14
    TOKEN_LOGICAL_VALUE    shift, and go to state 96
    TOKEN_OPEN_BRACKET     shift, and go to state 97
    TOKEN_REAL_NUM         shift, and go to state 72
    TOKEN_INTEGER          shift, and go to state 73
    TOKEN_NOT_OP           shift, and go to state 98
    TOKEN_BOOL_IDENTIFIER  shift, and go to state 99

    arrayIdentifier             go to state 77
    simpleArithmeticExpression  go to state 119
    term                        go to state 80
    factor                      go to state 81
    primary                     go to state 82
    realNumber                  go to state 83
    integer                     go to state 84
    variable                    go to state 85
    subscriptedVariable         go to state 86
    identifier                  go to state 87
    booleanTerm                 go to state 194
    booleanFactor               go to state 107
    booleanSecondary            go to state 108
    booleanPrimary              go to state 109
    logicalValue                go to state 110
    relation                    go to state 111
    boolVariable                go to state 112
    boolSimpleVariable          go to state 113
    procedureStatement          go to state 89
    procedureIdentifier         go to state 69


state 155

   60 booleanTerm: booleanTerm TOKEN_OR_OP . booleanFactor

    TOKEN_IDENTIFIER       shift, and go to state 14
    TOKEN_LOGICAL_VALUE    shift, and go to state 96
    TOKEN_OPEN_BRACKET     shift, and go to state 97
    TOKEN_REAL_NUM         shift, and go to state 72
    TOKEN_INTEGER          shift, and go to state 73
    TOKEN_NOT_OP           shift, and go to state 98
    TOKEN_BOOL_IDENTIFIER  shift, and go to state 99

    arrayIdentifier             go to state 77
    simpleArithmeticExpression  go to state 119
    term                        go to state 80
    factor                      go to state 81
    primary                     go to state 82
    realNumber                  go to state 83
    integer                     go to state 84
    variable                    go to state 85
    subscriptedVariable         go to state 86
    identifier                  go to state 87
    booleanFactor               go to state 195
    booleanSecondary            go to state 108
    booleanPrimary              go to state 109
    logicalValue                go to state 110
    relation                    go to state 111
    boolVariable                go to state 112
    boolSimpleVariable          go to state 113
    procedureStatement          go to state 89
    procedureIdentifier         go to state 69


state 156

   62 booleanFactor: booleanFactor TOKEN_AND_OP . booleanSecondary

    TOKEN_IDENTIFIER       shift, and go to state 14
    TOKEN_LOGICAL_VALUE    shift, and go to state 96
    TOKEN_OPEN_BRACKET     shift, and go to state 97
    TOKEN_REAL_NUM         shift, and go to state 72
    TOKEN_INTEGER          shift, and go to state 73
    TOKEN_NOT_OP           shift, and go to state 98
    TOKEN_BOOL_IDENTIFIER  shift, and go to state 99

    arrayIdentifier             go to state 77
    simpleArithmeticExpression  go to state 119
    term                        go to state 80
    factor                      go to state 81
    primary                     go to state 82
    realNumber                  go to state 83
    integer                     go to state 84
    variable                    go to state 85
    subscriptedVariable         go to state 86
    identifier                  go to state 87
    booleanSecondary            go to state 196
    booleanPrimary              go to state 109
    logicalValue                go to state 110
    relation                    go to state 111
    boolVariable                go to state 112
    boolSimpleVariable          go to state 113
    procedureStatement          go to state 89
    procedureIdentifier         go to state 69


state 157

   30 arithmeticExpression: ifClause simpleArithmeticExpression . TOKEN_ELSE arithmeticExpression
   32 simpleArithmeticExpression: simpleArithmeticExpression . TOKEN_PLUS term
   33                           | simpleArithmeticExpression . TOKEN_MINUS term
   70 relation: simpleArithmeticExpression . relationalOperator simpleArithmeticExpression

    TOKEN_PLUS    shift, and go to state 137
    TOKEN_MINUS   shift, and go to state 138
    TOKEN_REL_OP  shift, and go to state 151
    TOKEN_ELSE    shift, and go to state 182

    relationalOperator  go to state 152


state 158

   54 booleanExpression: ifClause simpleBoolean . TOKEN_ELSE booleanExpression
   56 simpleBoolean: simpleBoolean . TOKEN_EQUIV implication

    TOKEN_EQUIV  shift, and go to state 153
    TOKEN_ELSE   shift, and go to state 197


state 159

   11 compoundTail: statement TOKEN_END .

    $default  reduce using rule 11 (compoundTail)


state 160

   12 compoundTail: statement TOKEN_SEMICOLON . compoundTail

    error                    shift, and go to state 43
    TOKEN_PRINT              shift, and go to state 44
    TOKEN_IDENTIFIER         shift, and go to state 14
    TOKEN_BEGIN              shift, and go to state 45
    TOKEN_FOR                shift, and go to state 46
    TOKEN_IF                 shift, and go to state 47
    TOKEN_RETURN             shift, and go to state 48
    TOKEN_ASSIGN_IDENTIFIER  shift, and go to state 49
    TOKEN_LABEL_IDENTIFIER   shift, and go to state 50

    TOKEN_END        reduce using rule 100 (empty)
    TOKEN_SEMICOLON  reduce using rule 100 (empty)

    blockHead                 go to state 51
    unlabelledBlock           go to state 52
    block                     go to state 53
    label                     go to state 54
    unlabelledCompound        go to state 55
    compoundStatement         go to state 56
    compoundTail              go to state 198
    identifier                go to state 15
    unconditionalStatement    go to state 57
    conditionalStatement      go to state 58
    ifStatement               go to state 59
    ifClause                  go to state 60
    basicStatement            go to state 61
    unlabelledBasicStatement  go to state 62
    dummyStatement            go to state 63
    returnStatement           go to state 64
    assignmentStatement       go to state 65
    forStatement              go to state 66
    empty                     go to state 67
    procedureStatement        go to state 68
    procedureIdentifier       go to state 69
    statement                 go to state 116


state 161

   99 forStatement: TOKEN_FOR variable TOKEN_ASSIGN . arithmeticExpression TOKEN_STEP arithmeticExpression TOKEN_UNTIL arithmeticExpression TOKEN_DO statement

    TOKEN_IDENTIFIER    shift, and go to state 14
    TOKEN_OPEN_BRACKET  shift, and go to state 71
    TOKEN_REAL_NUM      shift, and go to state 72
    TOKEN_INTEGER       shift, and go to state 73
    TOKEN_IF            shift, and go to state 47

    arrayIdentifier             go to state 77
    arithmeticExpression        go to state 199
    simpleArithmeticExpression  go to state 79
    term                        go to state 80
    factor                      go to state 81
    primary                     go to state 82
    realNumber                  go to state 83
    integer                     go to state 84
    variable                    go to state 85
    subscriptedVariable         go to state 86
    identifier                  go to state 87
    ifClause                    go to state 88
    procedureStatement          go to state 89
    procedureIdentifier         go to state 69


state 162

   89 ifClause: TOKEN_IF booleanExpression TOKEN_THEN .

    $default  reduce using rule 89 (ifClause)


state 163

    3 unlabelledBlock: blockHead TOKEN_SEMICOLON compoundTail .

    $default  reduce using rule 3 (unlabelledBlock)


state 164

    6 block: label @1 block .

    $default  reduce using rule 6 (block)


state 165

   86 conditionalStatement: ifClause unconditionalStatement TOKEN_ELSE . statement

    error                    shift, and go to state 43
    TOKEN_PRINT              shift, and go to state 44
    TOKEN_IDENTIFIER         shift, and go to state 14
    TOKEN_BEGIN              shift, and go to state 45
    TOKEN_FOR                shift, and go to state 46
    TOKEN_IF                 shift, and go to state 47
    TOKEN_RETURN             shift, and go to state 48
    TOKEN_ASSIGN_IDENTIFIER  shift, and go to state 49
    TOKEN_LABEL_IDENTIFIER   shift, and go to state 50

    TOKEN_END        reduce using rule 100 (empty)
    TOKEN_SEMICOLON  reduce using rule 100 (empty)

    blockHead                 go to state 51
    unlabelledBlock           go to state 52
    block                     go to state 53
    label                     go to state 54
    unlabelledCompound        go to state 55
    compoundStatement         go to state 56
    identifier                go to state 15
    unconditionalStatement    go to state 57
    conditionalStatement      go to state 58
    ifStatement               go to state 59
    ifClause                  go to state 60
    basicStatement            go to state 61
    unlabelledBasicStatement  go to state 62
    dummyStatement            go to state 63
    returnStatement           go to state 64
    assignmentStatement       go to state 65
    forStatement              go to state 66
    empty                     go to state 67
    procedureStatement        go to state 68
    procedureIdentifier       go to state 69
    statement                 go to state 200


state 166

  106 actualParameter: expression .

    $default  reduce using rule 106 (actualParameter)


state 167

  103 actualParameterPart: TOKEN_OPEN_BRACKET actualParameterList . TOKEN_CLOSE_BRACKET
  105 actualParameterList: actualParameterList . parameterDelimiter actualParameter

    TOKEN_COMMA          shift, and go to state 201
    TOKEN_CLOSE_BRACKET  shift, and go to state 202

    parameterDelimiter  go to state 203


state 168

  104 actualParameterList: actualParameter .

    $default  reduce using rule 104 (actualParameterList)


state 169

  134 procedureBody: TOKEN_BEGIN TOKEN_SEMICOLON statement @8 TOKEN_END .

    $default  reduce using rule 134 (procedureBody)


state 170

   43 primary: TOKEN_OPEN_BRACKET arithmeticExpression TOKEN_CLOSE_BRACKET .

    $default  reduce using rule 43 (primary)


state 171

   18 boundPair: lowerBound TOKEN_COLON upperBound .

    $default  reduce using rule 18 (boundPair)


state 172

   17 upperBound: arithmeticExpression .

    $default  reduce using rule 17 (upperBound)


state 173

   20 boundPairList: boundPairList TOKEN_COMMA boundPair .

    $default  reduce using rule 20 (boundPairList)


state 174

   51 subscriptExpression: arithmeticExpression .

    $default  reduce using rule 51 (subscriptExpression)


state 175

   48 subscriptedVariable: arrayIdentifier TOKEN_OPEN_SQUARE_BRACKET subscriptList . TOKEN_CLOSE_SQUARE_BRACKET
   50 subscriptList: subscriptList . TOKEN_COMMA subscriptExpression

    TOKEN_COMMA                 shift, and go to state 204
    TOKEN_CLOSE_SQUARE_BRACKET  shift, and go to state 205


state 176

   49 subscriptList: subscriptExpression .

    $default  reduce using rule 49 (subscriptList)


state 177

   32 simpleArithmeticExpression: simpleArithmeticExpression TOKEN_PLUS term .
   35 term: term . TOKEN_MULTIPLY factor
   36     | term . TOKEN_DIVIDE factor

    TOKEN_DIVIDE    shift, and go to state 139
    TOKEN_MULTIPLY  shift, and go to state 140

    $default  reduce using rule 32 (simpleArithmeticExpression)


state 178

   33 simpleArithmeticExpression: simpleArithmeticExpression TOKEN_MINUS term .
   35 term: term . TOKEN_MULTIPLY factor
   36     | term . TOKEN_DIVIDE factor

    TOKEN_DIVIDE    shift, and go to state 139
    TOKEN_MULTIPLY  shift, and go to state 140

    $default  reduce using rule 33 (simpleArithmeticExpression)


state 179

   36 term: term TOKEN_DIVIDE factor .
   38 factor: factor . TOKEN_POWER primary

    TOKEN_POWER  shift, and go to state 141

    $default  reduce using rule 36 (term)


state 180

   35 term: term TOKEN_MULTIPLY factor .
   38 factor: factor . TOKEN_POWER primary

    TOKEN_POWER  shift, and go to state 141

    $default  reduce using rule 35 (term)


state 181

   38 factor: factor TOKEN_POWER primary .

    $default  reduce using rule 38 (factor)


state 182

   30 arithmeticExpression: ifClause simpleArithmeticExpression TOKEN_ELSE . arithmeticExpression

    TOKEN_IDENTIFIER    shift, and go to state 14
    TOKEN_OPEN_BRACKET  shift, and go to state 71
    TOKEN_REAL_NUM      shift, and go to state 72
    TOKEN_INTEGER       shift, and go to state 73
    TOKEN_IF            shift, and go to state 47

    arrayIdentifier             go to state 77
    arithmeticExpression        go to state 206
    simpleArithmeticExpression  go to state 79
    term                        go to state 80
    factor                      go to state 81
    primary                     go to state 82
    realNumber                  go to state 83
    integer                     go to state 84
    variable                    go to state 85
    subscriptedVariable         go to state 86
    identifier                  go to state 87
    ifClause                    go to state 88
    procedureStatement          go to state 89
    procedureIdentifier         go to state 69


state 183

  115 formalParameterList: formalParameter TOKEN_COMMA $@4 . formalParameterList

    TOKEN_IDENTIFIER  shift, and go to state 14

    identifier           go to state 92
    formalParameter      go to state 93
    formalParameterList  go to state 207


state 184

  119 identifierList: identifier .

    $default  reduce using rule 119 (identifierList)


state 185

  120 identifierList: identifierList . TOKEN_COMMA identifier
  122 valuePart: TOKEN_VALUE identifierList . TOKEN_SEMICOLON

    TOKEN_COMMA      shift, and go to state 208
    TOKEN_SEMICOLON  shift, and go to state 209


state 186

  126 specifier: TOKEN_SWITCH .

    $default  reduce using rule 126 (specifier)


state 187

  125 specifier: TOKEN_TYPE_LABEL .

    $default  reduce using rule 125 (specifier)


state 188

  123 specifier: type .
  124          | type . TOKEN_ARRAY
  127          | type . TOKEN_PROCEDURE

    TOKEN_PROCEDURE  shift, and go to state 210
    TOKEN_ARRAY      shift, and go to state 211

    $default  reduce using rule 123 (specifier)


state 189

  128 specificationPart: specifier . identifierList TOKEN_SEMICOLON

    TOKEN_IDENTIFIER  shift, and go to state 14

    identifier      go to state 184
    identifierList  go to state 212


state 190

  129 specificationPart: specificationPart . specifier identifierList TOKEN_SEMICOLON
  132 procedureHeading: procedureIdentifier @6 formalParameterPart TOKEN_SEMICOLON $@7 valuePart specificationPart .

    TOKEN_SWITCH      shift, and go to state 186
    TOKEN_BOOLEAN     shift, and go to state 4
    TOKEN_TYPE_LABEL  shift, and go to state 187
    TOKEN_TINTEGER    shift, and go to state 5
    TOKEN_TREAL       shift, and go to state 6

    $default  reduce using rule 132 (procedureHeading)

    type       go to state 188
    specifier  go to state 213


state 191

   68 booleanPrimary: TOKEN_OPEN_BRACKET booleanExpression TOKEN_CLOSE_BRACKET .

    $default  reduce using rule 68 (booleanPrimary)


state 192

   32 simpleArithmeticExpression: simpleArithmeticExpression . TOKEN_PLUS term
   33                           | simpleArithmeticExpression . TOKEN_MINUS term
   70 relation: simpleArithmeticExpression relationalOperator simpleArithmeticExpression .

    TOKEN_PLUS   shift, and go to state 137
    TOKEN_MINUS  shift, and go to state 138

    $default  reduce using rule 70 (relation)


state 193

   56 simpleBoolean: simpleBoolean TOKEN_EQUIV implication .
   58 implication: implication . TOKEN_IMPLY booleanTerm

    TOKEN_IMPLY  shift, and go to state 154

    $default  reduce using rule 56 (simpleBoolean)


state 194

   58 implication: implication TOKEN_IMPLY booleanTerm .
   60 booleanTerm: booleanTerm . TOKEN_OR_OP booleanFactor

    TOKEN_OR_OP  shift, and go to state 155

    $default  reduce using rule 58 (implication)


state 195

   60 booleanTerm: booleanTerm TOKEN_OR_OP booleanFactor .
   62 booleanFactor: booleanFactor . TOKEN_AND_OP booleanSecondary

    TOKEN_AND_OP  shift, and go to state 156

    $default  reduce using rule 60 (booleanTerm)


state 196

   62 booleanFactor: booleanFactor TOKEN_AND_OP booleanSecondary .

    $default  reduce using rule 62 (booleanFactor)


state 197

   54 booleanExpression: ifClause simpleBoolean TOKEN_ELSE . booleanExpression

    TOKEN_IDENTIFIER       shift, and go to state 14
    TOKEN_LOGICAL_VALUE    shift, and go to state 96
    TOKEN_OPEN_BRACKET     shift, and go to state 97
    TOKEN_REAL_NUM         shift, and go to state 72
    TOKEN_INTEGER          shift, and go to state 73
    TOKEN_NOT_OP           shift, and go to state 98
    TOKEN_IF               shift, and go to state 47
    TOKEN_BOOL_IDENTIFIER  shift, and go to state 99

    arrayIdentifier             go to state 77
    simpleArithmeticExpression  go to state 119
    term                        go to state 80
    factor                      go to state 81
    primary                     go to state 82
    realNumber                  go to state 83
    integer                     go to state 84
    variable                    go to state 85
    subscriptedVariable         go to state 86
    identifier                  go to state 87
    booleanExpression           go to state 214
    simpleBoolean               go to state 104
    implication                 go to state 105
    booleanTerm                 go to state 106
    booleanFactor               go to state 107
    booleanSecondary            go to state 108
    booleanPrimary              go to state 109
    logicalValue                go to state 110
    relation                    go to state 111
    boolVariable                go to state 112
    boolSimpleVariable          go to state 113
    ifClause                    go to state 121
    procedureStatement          go to state 89
    procedureIdentifier         go to state 69


state 198

   12 compoundTail: statement TOKEN_SEMICOLON compoundTail .

    $default  reduce using rule 12 (compoundTail)


state 199

   99 forStatement: TOKEN_FOR variable TOKEN_ASSIGN arithmeticExpression . TOKEN_STEP arithmeticExpression TOKEN_UNTIL arithmeticExpression TOKEN_DO statement

    TOKEN_STEP  shift, and go to state 215


state 200

   86 conditionalStatement: ifClause unconditionalStatement TOKEN_ELSE statement .

    $default  reduce using rule 86 (conditionalStatement)


state 201

  107 parameterDelimiter: TOKEN_COMMA .

    $default  reduce using rule 107 (parameterDelimiter)


state 202

  103 actualParameterPart: TOKEN_OPEN_BRACKET actualParameterList TOKEN_CLOSE_BRACKET .

    $default  reduce using rule 103 (actualParameterPart)


state 203

  105 actualParameterList: actualParameterList parameterDelimiter . actualParameter

    TOKEN_IDENTIFIER       shift, and go to state 14
    TOKEN_LOGICAL_VALUE    shift, and go to state 96
    TOKEN_OPEN_BRACKET     shift, and go to state 97
    TOKEN_REAL_NUM         shift, and go to state 72
    TOKEN_INTEGER          shift, and go to state 73
    TOKEN_NOT_OP           shift, and go to state 98
    TOKEN_IF               shift, and go to state 47
    TOKEN_BOOL_IDENTIFIER  shift, and go to state 99

    arrayIdentifier             go to state 77
    expression                  go to state 166
    arithmeticExpression        go to state 101
    simpleArithmeticExpression  go to state 102
    term                        go to state 80
    factor                      go to state 81
    primary                     go to state 82
    realNumber                  go to state 83
    integer                     go to state 84
    variable                    go to state 85
    subscriptedVariable         go to state 86
    identifier                  go to state 87
    booleanExpression           go to state 103
    simpleBoolean               go to state 104
    implication                 go to state 105
    booleanTerm                 go to state 106
    booleanFactor               go to state 107
    booleanSecondary            go to state 108
    booleanPrimary              go to state 109
    logicalValue                go to state 110
    relation                    go to state 111
    boolVariable                go to state 112
    boolSimpleVariable          go to state 113
    ifClause                    go to state 114
    procedureStatement          go to state 89
    procedureIdentifier         go to state 69
    actualParameter             go to state 216


state 204

   50 subscriptList: subscriptList TOKEN_COMMA . subscriptExpression

    TOKEN_IDENTIFIER    shift, and go to state 14
    TOKEN_OPEN_BRACKET  shift, and go to state 71
    TOKEN_REAL_NUM      shift, and go to state 72
    TOKEN_INTEGER       shift, and go to state 73
    TOKEN_IF            shift, and go to state 47

    arrayIdentifier             go to state 77
    arithmeticExpression        go to state 174
    simpleArithmeticExpression  go to state 79
    term                        go to state 80
    factor                      go to state 81
    primary                     go to state 82
    realNumber                  go to state 83
    integer                     go to state 84
    variable                    go to state 85
    subscriptedVariable         go to state 86
    subscriptExpression         go to state 217
    identifier                  go to state 87
    ifClause                    go to state 88
    procedureStatement          go to state 89
    procedureIdentifier         go to state 69


state 205

   48 subscriptedVariable: arrayIdentifier TOKEN_OPEN_SQUARE_BRACKET subscriptList TOKEN_CLOSE_SQUARE_BRACKET .

    $default  reduce using rule 48 (subscriptedVariable)


state 206

   30 arithmeticExpression: ifClause simpleArithmeticExpression TOKEN_ELSE arithmeticExpression .

    $default  reduce using rule 30 (arithmeticExpression)


state 207

  115 formalParameterList: formalParameter TOKEN_COMMA $@4 formalParameterList .

    $default  reduce using rule 115 (formalParameterList)


state 208

  120 identifierList: identifierList TOKEN_COMMA . identifier

    TOKEN_IDENTIFIER  shift, and go to state 14

    identifier  go to state 218


state 209

  122 valuePart: TOKEN_VALUE identifierList TOKEN_SEMICOLON .

    $default  reduce using rule 122 (valuePart)


state 210

  127 specifier: type TOKEN_PROCEDURE .

    $default  reduce using rule 127 (specifier)


state 211

  124 specifier: type TOKEN_ARRAY .

    $default  reduce using rule 124 (specifier)


state 212

  120 identifierList: identifierList . TOKEN_COMMA identifier
  128 specificationPart: specifier identifierList . TOKEN_SEMICOLON

    TOKEN_COMMA      shift, and go to state 208
    TOKEN_SEMICOLON  shift, and go to state 219


state 213

  129 specificationPart: specificationPart specifier . identifierList TOKEN_SEMICOLON

    TOKEN_IDENTIFIER  shift, and go to state 14

    identifier      go to state 184
    identifierList  go to state 220


state 214

   54 booleanExpression: ifClause simpleBoolean TOKEN_ELSE booleanExpression .

    $default  reduce using rule 54 (booleanExpression)


state 215

   99 forStatement: TOKEN_FOR variable TOKEN_ASSIGN arithmeticExpression TOKEN_STEP . arithmeticExpression TOKEN_UNTIL arithmeticExpression TOKEN_DO statement

    TOKEN_IDENTIFIER    shift, and go to state 14
    TOKEN_OPEN_BRACKET  shift, and go to state 71
    TOKEN_REAL_NUM      shift, and go to state 72
    TOKEN_INTEGER       shift, and go to state 73
    TOKEN_IF            shift, and go to state 47

    arrayIdentifier             go to state 77
    arithmeticExpression        go to state 221
    simpleArithmeticExpression  go to state 79
    term                        go to state 80
    factor                      go to state 81
    primary                     go to state 82
    realNumber                  go to state 83
    integer                     go to state 84
    variable                    go to state 85
    subscriptedVariable         go to state 86
    identifier                  go to state 87
    ifClause                    go to state 88
    procedureStatement          go to state 89
    procedureIdentifier         go to state 69


state 216

  105 actualParameterList: actualParameterList parameterDelimiter actualParameter .

    $default  reduce using rule 105 (actualParameterList)


state 217

   50 subscriptList: subscriptList TOKEN_COMMA subscriptExpression .

    $default  reduce using rule 50 (subscriptList)


state 218

  120 identifierList: identifierList TOKEN_COMMA identifier .

    $default  reduce using rule 120 (identifierList)


state 219

  128 specificationPart: specifier identifierList TOKEN_SEMICOLON .

    $default  reduce using rule 128 (specificationPart)


state 220

  120 identifierList: identifierList . TOKEN_COMMA identifier
  129 specificationPart: specificationPart specifier identifierList . TOKEN_SEMICOLON

    TOKEN_COMMA      shift, and go to state 208
    TOKEN_SEMICOLON  shift, and go to state 222


state 221

   99 forStatement: TOKEN_FOR variable TOKEN_ASSIGN arithmeticExpression TOKEN_STEP arithmeticExpression . TOKEN_UNTIL arithmeticExpression TOKEN_DO statement

    TOKEN_UNTIL  shift, and go to state 223


state 222

  129 specificationPart: specificationPart specifier identifierList TOKEN_SEMICOLON .

    $default  reduce using rule 129 (specificationPart)


state 223

   99 forStatement: TOKEN_FOR variable TOKEN_ASSIGN arithmeticExpression TOKEN_STEP arithmeticExpression TOKEN_UNTIL . arithmeticExpression TOKEN_DO statement

    TOKEN_IDENTIFIER    shift, and go to state 14
    TOKEN_OPEN_BRACKET  shift, and go to state 71
    TOKEN_REAL_NUM      shift, and go to state 72
    TOKEN_INTEGER       shift, and go to state 73
    TOKEN_IF            shift, and go to state 47

    arrayIdentifier             go to state 77
    arithmeticExpression        go to state 224
    simpleArithmeticExpression  go to state 79
    term                        go to state 80
    factor                      go to state 81
    primary                     go to state 82
    realNumber                  go to state 83
    integer                     go to state 84
    variable                    go to state 85
    subscriptedVariable         go to state 86
    identifier                  go to state 87
    ifClause                    go to state 88
    procedureStatement          go to state 89
    procedureIdentifier         go to state 69


state 224

   99 forStatement: TOKEN_FOR variable TOKEN_ASSIGN arithmeticExpression TOKEN_STEP arithmeticExpression TOKEN_UNTIL arithmeticExpression . TOKEN_DO statement

    TOKEN_DO  shift, and go to state 225


state 225

   99 forStatement: TOKEN_FOR variable TOKEN_ASSIGN arithmeticExpression TOKEN_STEP arithmeticExpression TOKEN_UNTIL arithmeticExpression TOKEN_DO . statement

    error                    shift, and go to state 43
    TOKEN_PRINT              shift, and go to state 44
    TOKEN_IDENTIFIER         shift, and go to state 14
    TOKEN_BEGIN              shift, and go to state 45
    TOKEN_FOR                shift, and go to state 46
    TOKEN_IF                 shift, and go to state 47
    TOKEN_RETURN             shift, and go to state 48
    TOKEN_ASSIGN_IDENTIFIER  shift, and go to state 49
    TOKEN_LABEL_IDENTIFIER   shift, and go to state 50

    TOKEN_END        reduce using rule 100 (empty)
    TOKEN_SEMICOLON  reduce using rule 100 (empty)

    blockHead                 go to state 51
    unlabelledBlock           go to state 52
    block                     go to state 53
    label                     go to state 54
    unlabelledCompound        go to state 55
    compoundStatement         go to state 56
    identifier                go to state 15
    unconditionalStatement    go to state 57
    conditionalStatement      go to state 58
    ifStatement               go to state 59
    ifClause                  go to state 60
    basicStatement            go to state 61
    unlabelledBasicStatement  go to state 62
    dummyStatement            go to state 63
    returnStatement           go to state 64
    assignmentStatement       go to state 65
    forStatement              go to state 66
    empty                     go to state 67
    procedureStatement        go to state 68
    procedureIdentifier       go to state 69
    statement                 go to state 226


state 226

   99 forStatement: TOKEN_FOR variable TOKEN_ASSIGN arithmeticExpression TOKEN_STEP arithmeticExpression TOKEN_UNTIL arithmeticExpression TOKEN_DO statement .

    $default  reduce using rule 99 (forStatement)
